Crashlog created at 2022-02-05 20:20:48 -0500

===== MESSAGE:

Nanoc::Core::ConfigLoader::NoConfigFileFoundError: No configuration file found

===== STACK TRACE:

  0. /Users/pitosalas/.rbenv/versions/3.0.3/lib/ruby/gems/3.0.0/gems/nanoc-core-4.12.3/lib/nanoc/core/config_loader.rb:40:in `new_from_cwd'
  1. /Users/pitosalas/.rbenv/versions/3.0.3/lib/ruby/gems/3.0.0/gems/nanoc-cli-4.12.3/lib/nanoc/cli/commands/view.rb:22:in `run'
  2. /Users/pitosalas/.rbenv/versions/3.0.3/lib/ruby/gems/3.0.0/gems/nanoc-cli-4.12.3/lib/nanoc/cli/command_runner.rb:15:in `block in call'
  3. /Users/pitosalas/.rbenv/versions/3.0.3/lib/ruby/gems/3.0.0/gems/nanoc-cli-4.12.3/lib/nanoc/cli/error_handler.rb:15:in `block in handle_while'
  4. /Users/pitosalas/.rbenv/versions/3.0.3/lib/ruby/gems/3.0.0/gems/nanoc-cli-4.12.3/lib/nanoc/cli/error_handler.rb:57:in `handle_while'
  5. /Users/pitosalas/.rbenv/versions/3.0.3/lib/ruby/gems/3.0.0/gems/nanoc-cli-4.12.3/lib/nanoc/cli/error_handler.rb:15:in `handle_while'
  6. /Users/pitosalas/.rbenv/versions/3.0.3/lib/ruby/gems/3.0.0/gems/nanoc-cli-4.12.3/lib/nanoc/cli/command_runner.rb:14:in `call'
  7. /Users/pitosalas/.rbenv/versions/3.0.3/lib/ruby/gems/3.0.0/gems/cri-2.15.11/lib/cri/command_dsl.rb:294:in `block in runner'
  8. /Users/pitosalas/.rbenv/versions/3.0.3/lib/ruby/gems/3.0.0/gems/cri-2.15.11/lib/cri/command.rb:362:in `run_this'
  9. /Users/pitosalas/.rbenv/versions/3.0.3/lib/ruby/gems/3.0.0/gems/cri-2.15.11/lib/cri/command.rb:298:in `run'
  10. /Users/pitosalas/.rbenv/versions/3.0.3/lib/ruby/gems/3.0.0/gems/cri-2.15.11/lib/cri/command.rb:316:in `run'
  11. /Users/pitosalas/.rbenv/versions/3.0.3/lib/ruby/gems/3.0.0/gems/nanoc-cli-4.12.3/lib/nanoc/cli.rb:88:in `block in run'
  12. /Users/pitosalas/.rbenv/versions/3.0.3/lib/ruby/gems/3.0.0/gems/nanoc-cli-4.12.3/lib/nanoc/cli/error_handler.rb:15:in `block in handle_while'
  13. /Users/pitosalas/.rbenv/versions/3.0.3/lib/ruby/gems/3.0.0/gems/nanoc-cli-4.12.3/lib/nanoc/cli/error_handler.rb:57:in `handle_while'
  14. /Users/pitosalas/.rbenv/versions/3.0.3/lib/ruby/gems/3.0.0/gems/nanoc-cli-4.12.3/lib/nanoc/cli/error_handler.rb:15:in `handle_while'
  15. /Users/pitosalas/.rbenv/versions/3.0.3/lib/ruby/gems/3.0.0/gems/nanoc-cli-4.12.3/lib/nanoc/cli.rb:86:in `run'
  16. /Users/pitosalas/.rbenv/versions/3.0.3/lib/ruby/gems/3.0.0/gems/nanoc-4.12.3/bin/nanoc:18:in `<top (required)>'
  17. /Users/pitosalas/.rbenv/versions/3.0.3/bin/nanoc:25:in `load'

===== VERSION INFORMATION:

Nanoc 4.12.3 © 2007–2021 Denis Defreyne.
Running ruby 3.0.3 (2021-11-24) on arm64-darwin21 with RubyGems 3.2.32.

===== SYSTEM INFORMATION:

Darwin RpsMacbookPro13 21.3.0 Darwin Kernel Version 21.3.0: Wed Jan  5 21:37:58 PST 2022; root:xnu-8019.80.24~20/RELEASE_ARM64_T6000 arm64

===== INSTALLED GEMS:

  abbrev 0.1.0
  actioncable 6.1.4.1
  actionmailbox 6.1.4.1
  actionmailer 6.1.4.1
  actionpack 6.1.4.1
  actiontext 6.1.4.1
  actionview 6.1.4.1
  activejob 6.1.4.1
  activemodel 6.1.4.1, 7.0.1
  activerecord 6.1.4.1, 7.0.1
  activestorage 6.1.4.1
  activesupport 6.1.4.1, 7.0.1
  addressable 2.8.0
  adsf 1.4.6
  adsf-live 1.4.6
  ast 2.4.2
  base64 0.1.0
  benchmark 0.1.1
  bigdecimal 3.0.0
  builder 3.2.4
  bundler 2.2.32, 2.3.6
  byebug 11.1.3
  cgi 0.2.1
  coderay 1.1.3
  colored 1.2
  concurrent-ruby 1.1.9
  coursegen 0.9.19, 0.9.20, 0.9.21
  crass 1.0.6
  cri 2.15.11
  csv 3.1.9
  date 3.1.3
  dbm 1.1.0
  ddmemoize 1.0.0
  ddmetrics 1.0.1
  ddplugin 1.0.3
  debug 0.2.1
  delegate 0.2.0
  did_you_mean 1.5.0
  diff-lcs 1.4.4
  digest 3.0.0
  drb 2.0.5
  em-websocket 0.5.3
  english 0.7.1
  erb 2.2.0
  erubi 1.10.0
  etc 1.3.0
  eventmachine 1.2.7
  fcntl 1.0.1
  ffi 1.15.4
  fiddle 1.0.8
  fileutils 1.5.0
  find 0.1.0
  formatador 0.3.0
  forwardable 1.3.2
  getoptlong 0.1.1
  globalid 1.0.0
  guard 2.18.0
  guard-compat 1.2.1
  guard-shell 0.7.2
  hamster 3.0.0
  http_parser.rb 0.8.0
  i18n 1.8.11, 1.9.1
  icalendar 2.7.1
  ice_cube 0.16.4
  io-console 0.5.7
  io-nonblock 0.1.0
  io-wait 0.2.0
  ipaddr 1.2.2
  irb 1.3.5
  json 2.5.1
  json_schema 0.21.0
  kramdown 2.3.1
  listen 3.7.0
  logger 1.4.3
  loofah 2.12.0
  lumberjack 1.2.8
  mail 2.7.1
  marcel 1.0.2
  matrix 0.3.1
  method_source 1.0.0
  mini_mime 1.1.2
  minitest 5.14.2, 5.15.0
  mustermann 1.1.1
  mutex_m 0.1.1
  nanoc 4.12.3
  nanoc-checking 1.0.1
  nanoc-cli 4.12.3
  nanoc-core 4.12.3
  nanoc-deploying 1.0.1
  nanoc-live 1.0.0
  nenv 0.3.0
  net-ftp 0.1.2
  net-http 0.1.1
  net-imap 0.1.1
  net-pop 0.1.1
  net-protocol 0.1.1
  net-smtp 0.2.1
  nio4r 2.5.8
  nkf 0.1.0
  nokogiri 1.12.5
  notiffany 0.1.3
  observer 0.1.1
  open-uri 0.1.0
  open3 0.1.1
  openssl 2.2.1
  optparse 0.1.1
  ostruct 0.3.1
  parallel 1.21.0
  parser 3.0.3.2
  pastel 0.8.0
  pathname 0.1.0
  pg 1.3.1
  power_assert 1.2.0
  pp 0.2.1
  prettyprint 0.1.1
  prime 0.1.2
  pry 0.13.1, 0.14.1
  pry-byebug 3.9.0
  pstore 0.1.1
  psych 3.3.2
  public_suffix 4.0.6
  puma 5.5.2
  racc 1.5.2
  rack 2.2.3
  rack-livereload 0.3.17
  rack-protection 2.1.0
  rack-test 1.1.0
  rails 6.1.4.1
  rails-dom-testing 2.0.3
  rails-html-sanitizer 1.4.2
  railties 6.1.4.1
  rainbow 3.0.0
  rake 13.0.3, 13.0.6
  rb-fsevent 0.11.0
  rb-inotify 0.10.1
  rbs 1.4.0
  rdoc 6.3.3
  readline 0.0.2
  readline-ext 0.1.1
  ref 2.0.0
  regexp_parser 2.2.0
  reline 0.2.5
  resolv 0.2.1
  resolv-replace 0.1.0
  rexml 3.2.5
  rinda 0.1.1
  rss 0.2.9
  rubocop 1.24.0
  rubocop-ast 1.15.0
  ruby-progressbar 1.11.0
  ruby2_keywords 0.0.5
  rubytree 1.0.0
  securerandom 0.1.0
  set 1.0.1
  shellany 0.0.1
  shellwords 0.1.0
  sinatra 2.1.0
  sinatra-activerecord 2.0.25
  singleton 0.1.1
  slow_enumerator_tools 1.1.0
  sprockets 4.0.2
  sprockets-rails 3.4.1
  stringio 3.0.1
  strscan 3.0.1
  structured_warnings 0.4.0
  syslog 0.1.0
  tempfile 0.1.1
  test-unit 3.3.7
  thor 1.1.0, 1.2.1
  tilt 2.0.10
  time 0.1.0
  timeout 0.1.1
  tmpdir 0.1.2
  tracer 0.1.1
  tsort 0.1.0
  tty-color 0.6.0
  tty-command 0.10.1
  tty-platform 0.3.0
  tty-which 0.5.0
  typeprof 0.15.2
  tzinfo 2.0.4
  un 0.1.0
  unicode-display_width 2.1.0
  uri 0.10.1
  weakref 0.1.1
  websocket-driver 0.7.5
  websocket-extensions 0.1.5
  yaml 0.1.1
  zeitwerk 2.5.1, 2.5.3, 2.5.4
  zlib 2.0.0

===== GEMFILE.LOCK:

GEM
  remote: https://rubygems.org/
  specs:
    activemodel (7.0.1)
      activesupport (= 7.0.1)
    activerecord (7.0.1)
      activemodel (= 7.0.1)
      activesupport (= 7.0.1)
    activesupport (7.0.1)
      concurrent-ruby (~> 1.0, >= 1.0.2)
      i18n (>= 1.6, < 2)
      minitest (>= 5.1)
      tzinfo (~> 2.0)
    concurrent-ruby (1.1.9)
    i18n (1.9.1)
      concurrent-ruby (~> 1.0)
    minitest (5.15.0)
    mustermann (1.1.1)
      ruby2_keywords (~> 0.0.1)
    pg (1.3.1)
    rack (2.2.3)
    rack-protection (2.1.0)
      rack
    rack-test (1.1.0)
      rack (>= 1.0, < 3)
    ruby2_keywords (0.0.5)
    sinatra (2.1.0)
      mustermann (~> 1.0)
      rack (~> 2.2)
      rack-protection (= 2.1.0)
      tilt (~> 2.0)
    sinatra-activerecord (2.0.25)
      activerecord (>= 4.1)
      sinatra (>= 1.0)
    tilt (2.0.10)
    tzinfo (2.0.4)
      concurrent-ruby (~> 1.0)

PLATFORMS
  arm64-darwin-21

DEPENDENCIES
  activerecord
  minitest
  pg
  rack-test
  sinatra
  sinatra-activerecord

BUNDLED WITH
   2.3.6

===== LOAD PATHS:

  0. /Users/pitosalas/.rbenv/versions/3.0.3/lib/ruby/gems/3.0.0/gems/ref-2.0.0/lib
  1. /opt/homebrew/Cellar/rbenv/1.2.0/rbenv.d/exec/gem-rehash
  2. /Users/pitosalas/.rbenv/versions/3.0.3/lib/ruby/gems/3.0.0/gems/public_suffix-4.0.6/lib
  3. /Users/pitosalas/.rbenv/versions/3.0.3/lib/ruby/gems/3.0.0/gems/addressable-2.8.0/lib
  4. /Users/pitosalas/.rbenv/versions/3.0.3/lib/ruby/gems/3.0.0/gems/colored-1.2/lib
  5. /Users/pitosalas/.rbenv/versions/3.0.3/lib/ruby/gems/3.0.0/gems/cri-2.15.11/lib
  6. /Users/pitosalas/.rbenv/versions/3.0.3/lib/ruby/gems/3.0.0/gems/diff-lcs-1.4.4/lib
  7. /Users/pitosalas/.rbenv/versions/3.0.3/lib/ruby/gems/3.0.0/gems/concurrent-ruby-1.1.9/lib/concurrent-ruby
  8. /Users/pitosalas/.rbenv/versions/3.0.3/lib/ruby/gems/3.0.0/gems/ddmetrics-1.0.1/lib
  9. /Users/pitosalas/.rbenv/versions/3.0.3/lib/ruby/gems/3.0.0/gems/ref-2.0.0/lib
  10. /Users/pitosalas/.rbenv/versions/3.0.3/lib/ruby/gems/3.0.0/gems/ddmemoize-1.0.0/lib
  11. /Users/pitosalas/.rbenv/versions/3.0.3/lib/ruby/gems/3.0.0/gems/ddplugin-1.0.3/lib
  12. /Users/pitosalas/.rbenv/versions/3.0.3/lib/ruby/gems/3.0.0/gems/hamster-3.0.0/lib
  13. /Users/pitosalas/.rbenv/versions/3.0.3/lib/ruby/gems/3.0.0/gems/json_schema-0.21.0/lib
  14. /Users/pitosalas/.rbenv/versions/3.0.3/lib/ruby/gems/3.0.0/gems/slow_enumerator_tools-1.1.0/lib
  15. /Users/pitosalas/.rbenv/versions/3.0.3/lib/ruby/gems/3.0.0/gems/tty-platform-0.3.0/lib
  16. /Users/pitosalas/.rbenv/versions/3.0.3/lib/ruby/gems/3.0.0/gems/nanoc-core-4.12.3/lib
  17. /Users/pitosalas/.rbenv/versions/3.0.3/lib/ruby/gems/3.0.0/gems/nanoc-cli-4.12.3/lib
  18. /Users/pitosalas/.rbenv/versions/3.0.3/lib/ruby/gems/3.0.0/gems/nanoc-checking-1.0.1/lib
  19. /Users/pitosalas/.rbenv/versions/3.0.3/lib/ruby/gems/3.0.0/gems/nanoc-deploying-1.0.1/lib
  20. /Users/pitosalas/.rbenv/versions/3.0.3/lib/ruby/gems/3.0.0/gems/parallel-1.21.0/lib
  21. /Users/pitosalas/.rbenv/versions/3.0.3/lib/ruby/gems/3.0.0/gems/tty-color-0.6.0/lib
  22. /Users/pitosalas/.rbenv/versions/3.0.3/lib/ruby/gems/3.0.0/gems/pastel-0.8.0/lib
  23. /Users/pitosalas/.rbenv/versions/3.0.3/lib/ruby/gems/3.0.0/gems/tty-command-0.10.1/lib
  24. /Users/pitosalas/.rbenv/versions/3.0.3/lib/ruby/gems/3.0.0/gems/tty-which-0.5.0/lib
  25. /Users/pitosalas/.rbenv/versions/3.0.3/lib/ruby/gems/3.0.0/gems/nanoc-4.12.3/lib
  26. /Users/pitosalas/.rbenv/versions/3.0.3/lib/ruby/gems/3.0.0/gems/zeitwerk-2.5.4/lib
  27. /Users/pitosalas/.rbenv/versions/3.0.3/lib/ruby/gems/3.0.0/gems/rack-2.2.3/lib
  28. /Users/pitosalas/.rbenv/versions/3.0.3/lib/ruby/gems/3.0.0/gems/adsf-1.4.6/lib
  29. /Users/pitosalas/.rbenv/versions/3.0.3/lib/ruby/site_ruby/3.0.0
  30. /Users/pitosalas/.rbenv/versions/3.0.3/lib/ruby/site_ruby/3.0.0/arm64-darwin21
  31. /Users/pitosalas/.rbenv/versions/3.0.3/lib/ruby/site_ruby
  32. /Users/pitosalas/.rbenv/versions/3.0.3/lib/ruby/vendor_ruby/3.0.0
  33. /Users/pitosalas/.rbenv/versions/3.0.3/lib/ruby/vendor_ruby/3.0.0/arm64-darwin21
  34. /Users/pitosalas/.rbenv/versions/3.0.3/lib/ruby/vendor_ruby
  35. /Users/pitosalas/.rbenv/versions/3.0.3/lib/ruby/3.0.0
  36. /Users/pitosalas/.rbenv/versions/3.0.3/lib/ruby/3.0.0/arm64-darwin21
